[handleMsg]:  {
  key: {
    remoteJid: '5350942618@s.whatsapp.net',
    fromMe: false,
    id: '822A5462F53B6E7D4A605B911A864E4A',
    participant: undefined
  },
  messageTimestamp: 1738782976,
  pushName: 'HH',
  broadcast: false,
  message: Message {
    conversation: 'Hi',
    messageContextInfo: MessageContextInfo {
      deviceListMetadata: [DeviceListMetadata],
      deviceListMetadataVersion: 2,
      messageSecret: [Uint8Array]
    }
  },
  body: 'Hi',
  from: '5350942618'
}
[QUEUE_SE_ENVIO]:  {
  ref: 'ans_1f0b3e2b-42e3-4598-bac1-d30b9d5fd0f7',
  keyword: 'key_b5ef6797-7250-4522-b1cf-3724bd0b3fe9',
  answer: '__call_action__',
  options: {
    media: null,
    buttons: [],
    capture: false,
    child: null,
    delay: 0,
    idle: null,
    ref: null,
    nested: [],
    keyword: {},
    callback: true
  },
  refSerialize: '46b601374401d1c943c41e8a843e89a2'
}
[QUEUE_SE_ENVIO]:  {
  ref: 'ans_2e5ec04c-a905-4bd2-bdac-70aaa0d3f9dd',
  keyword: 'ans_1f0b3e2b-42e3-4598-bac1-d30b9d5fd0f7',
  answer: '¡Hola! Soy *Piñito* 🍍 reserva conmigo entradas y mesas para Safari 🌴.\n' +
    'Solo escribe el número de la opción que desees:\n' +
    '\n' +
    '1 Consultar eventos 📆\n' +
    '\n' +
    '2 Reservar 🎟\n' +
    '\n' +
    '3 Hablar con un humano 🧑\n' +
    '\n',
  options: {
    media: null,
    buttons: [],
    capture: true,
    child: null,
    delay: 0,
    idle: 1800000,
    ref: null,
    nested: [],
    keyword: {},
    callback: true
  },
  refSerialize: '7b345424b8e0ff7ca6dffee27d0d5ebf'
}
[handleMsg]:  {
  key: {
    remoteJid: '5350942618@s.whatsapp.net',
    fromMe: false,
    id: 'BF98C8B6BB09F0C104C5B73719053935',
    participant: undefined
  },
  messageTimestamp: 1738782980,
  pushName: 'HH',
  broadcast: false,
  message: Message {
    conversation: '2',
    messageContextInfo: MessageContextInfo {
      deviceListMetadata: [DeviceListMetadata],
      deviceListMetadataVersion: 2,
      messageSecret: [Uint8Array]
    }
  },
  body: '2',
  from: '5350942618'
}
[handleMsg]:  {
  key: {
    remoteJid: '5350942618@s.whatsapp.net',
    fromMe: false,
    id: '17EA8B87D7729A0F83D0D32D513C6BF6',
    participant: undefined
  },
  messageTimestamp: 1738782984,
  pushName: 'HH',
  broadcast: false,
  message: Message {
    conversation: '7',
    messageContextInfo: MessageContextInfo {
      deviceListMetadata: [DeviceListMetadata],
      deviceListMetadataVersion: 2,
      messageSecret: [Uint8Array]
    }
  },
  body: '7',
  from: '5350942618'
}
[handleMsg]:  {
  key: {
    remoteJid: '5350942618@s.whatsapp.net',
    fromMe: false,
    id: '928A6C43CC5F4558E86CABF5EC2603AA',
    participant: undefined
  },
  messageTimestamp: 1738783000,
  pushName: 'HH',
  broadcast: false,
  message: Message {
    conversation: 'Carlos Mario Chang Jardínez 02021979327',
    messageContextInfo: MessageContextInfo {
      deviceListMetadata: [DeviceListMetadata],
      deviceListMetadataVersion: 2,
      messageSecret: [Uint8Array]
    }
  },
  body: 'Carlos Mario Chang Jardínez 02021979327',
  from: '5350942618'
}
[handleMsg]:  {
  key: {
    remoteJid: '5350942618@s.whatsapp.net',
    fromMe: false,
    id: 'E15CC7A4EE61B85A0B08F8405E5B9719',
    participant: undefined
  },
  messageTimestamp: 1738783002,
  pushName: 'HH',
  broadcast: false,
  message: Message {
    conversation: 'No',
    messageContextInfo: MessageContextInfo {
      deviceListMetadata: [DeviceListMetadata],
      deviceListMetadataVersion: 2,
      messageSecret: [Uint8Array]
    }
  },
  body: 'No',
  from: '5350942618'
}
[handleMsg]:  {
  key: {
    remoteJid: '5350942618@s.whatsapp.net',
    fromMe: false,
    id: 'CB9D3AFD556BD94239B8265B0C624E5E',
    participant: undefined
  },
  messageTimestamp: 1738783070,
  pushName: 'HH',
  broadcast: false,
  message: Message {
    conversation: 'Si',
    messageContextInfo: MessageContextInfo {
      deviceListMetadata: [DeviceListMetadata],
      deviceListMetadataVersion: 2,
      messageSecret: [Uint8Array]
    }
  },
  body: 'Si',
  from: '5350942618'
}
